1632190515125	geckodriver	INFO	Listening on 127.0.0.1:52905
1632190516093	mozrunner::runner	INFO	Running command: "/usr/bin/firefox" "--marionette" "-headless" "-no-remote" "-profile" "/tmp/rust_mozprofileUxG6F1"
*** You are running in headless mode.
1632190524430	Marionette	INFO	Marionette enabled
[GFX1-]: RenderCompositorSWGL failed mapping default framebuffer, no dt
console.warn: SearchSettings: "get: No settings file exists, new profile?" (new NotFoundError("Could not open the file at /tmp/rust_mozprofileUxG6F1/search.json.mozlz4", (void 0)))
1632190533183	Marionette	INFO	Listening on port 41339
1632190533877	RemoteAgent	WARN	TLS certificate errors will be ignored for this session
1632190552116	geckodriver	INFO	Listening on 127.0.0.1:59143
1632190552122	mozrunner::runner	INFO	Running command: "/usr/bin/firefox" "--marionette" "-headless" "-no-remote" "-profile" "/tmp/rust_mozprofile6bWNdJ"
*** You are running in headless mode.
1632190554474	Marionette	INFO	Marionette enabled
[GFX1-]: RenderCompositorSWGL failed mapping default framebuffer, no dt
console.warn: SearchSettings: "get: No settings file exists, new profile?" (new NotFoundError("Could not open the file at /tmp/rust_mozprofile6bWNdJ/search.json.mozlz4", (void 0)))
1632190557810	Marionette	INFO	Listening on port 40753
1632190557860	RemoteAgent	WARN	TLS certificate errors will be ignored for this session
1632190595751	geckodriver	INFO	Listening on 127.0.0.1:46469
1632190595778	mozrunner::runner	INFO	Running command: "/usr/bin/firefox" "--marionette" "-headless" "-no-remote" "-profile" "/tmp/rust_mozprofilelFihhv"
*** You are running in headless mode.
1632190598311	Marionette	INFO	Marionette enabled
[GFX1-]: RenderCompositorSWGL failed mapping default framebuffer, no dt
console.warn: SearchSettings: "get: No settings file exists, new profile?" (new NotFoundError("Could not open the file at /tmp/rust_mozprofilelFihhv/search.json.mozlz4", (void 0)))
1632190602025	Marionette	INFO	Listening on port 41685
1632190602141	RemoteAgent	WARN	TLS certificate errors will be ignored for this session
1632190613743	Marionette	INFO	Stopped listening on port 41685
JavaScript error: resource:///modules/Interactions.jsm, line 230: NS_ERROR_FAILURE: Component returned failure code: 0x80004005 (NS_ERROR_FAILURE) [nsIUserIdleService.removeIdleObserver]
console.log: WebExtensions: reset-default-search: starting.
console.log: WebExtensions: reset-default-search: No addons in our list are installed.
1632191235339	geckodriver	INFO	Listening on 127.0.0.1:42293
1632191235414	mozrunner::runner	INFO	Running command: "/usr/bin/firefox" "--marionette" "-no-remote" "-profile" "/tmp/rust_mozprofile8dl4hU"
1632191239707	Marionette	INFO	Marionette enabled
console.warn: SearchSettings: "get: No settings file exists, new profile?" (new NotFoundError("Could not open the file at /tmp/rust_mozprofile8dl4hU/search.json.mozlz4", (void 0)))
1632191251226	Marionette	INFO	Listening on port 42649
console.error: Region.jsm: "Error fetching region" (new Error("TIMEOUT", "resource://gre/modules/Region.jsm", 772))
console.error: Region.jsm: "Failed to fetch region" (new Error("TIMEOUT", "resource://gre/modules/Region.jsm", 419))
1632191251758	RemoteAgent	WARN	TLS certificate errors will be ignored for this session
JavaScript error: https://objetivosaude.educacionalcloud.com.br/login.asp?codescola=, line 268: TypeError: $(...) is null
1632191595105	geckodriver	INFO	Listening on 127.0.0.1:58921
1632191595161	mozrunner::runner	INFO	Running command: "/usr/bin/firefox" "--marionette" "-no-remote" "-profile" "/tmp/rust_mozprofilenhfCQ4"
1632191604133	Marionette	INFO	Marionette enabled
console.warn: SearchSettings: "get: No settings file exists, new profile?" (new NotFoundError("Could not open the file at /tmp/rust_mozprofilenhfCQ4/search.json.mozlz4", (void 0)))
console.error: Region.jsm: "Error fetching region" (new Error("TIMEOUT", "resource://gre/modules/Region.jsm", 772))
console.error: Region.jsm: "Failed to fetch region" (new Error("TIMEOUT", "resource://gre/modules/Region.jsm", 419))
1632191622020	Marionette	INFO	Listening on port 37533
1632191623762	RemoteAgent	WARN	TLS certificate errors will be ignored for this session
console.log: WebExtensions: reset-default-search: starting.
console.log: WebExtensions: reset-default-search: No addons in our list are installed.
JavaScript error: https://objetivosaude.educacionalcloud.com.br/login.asp?codescola=, line 268: TypeError: $(...) is null
1632191916756	geckodriver	INFO	Listening on 127.0.0.1:46435
1632191916948	mozrunner::runner	INFO	Running command: "/usr/bin/firefox" "--marionette" "-no-remote" "-profile" "/tmp/rust_mozprofileF96rNX"
1632191930398	Marionette	INFO	Marionette enabled
console.warn: SearchSettings: "get: No settings file exists, new profile?" (new NotFoundError("Could not open the file at /tmp/rust_mozprofileF96rNX/search.json.mozlz4", (void 0)))
1632191955831	Marionette	INFO	Listening on port 40795
1632191957540	RemoteAgent	WARN	TLS certificate errors will be ignored for this session
1632191981831	Marionette	INFO	Stopped listening on port 40795
JavaScript error: resource:///modules/Interactions.jsm, line 230: NS_ERROR_FAILURE: Component returned failure code: 0x80004005 (NS_ERROR_FAILURE) [nsIUserIdleService.removeIdleObserver]
JavaScript error: resource://gre/modules/CrashManager.jsm, line 829: AbortError: IOUtils: Shutting down and refusing additional I/O tasks

###!!! [Parent][RunMessage] Error: Channel closing: too late to send/recv, messages will be lost

1632191985807	Marionette	INFO	Stopped listening on port 37533
JavaScript error: resource:///modules/Interactions.jsm, line 230: NS_ERROR_FAILURE: Component returned failure code: 0x80004005 (NS_ERROR_FAILURE) [nsIUserIdleService.removeIdleObserver]
1632191989663	Marionette	INFO	Stopped listening on port 42649
JavaScript error: resource:///modules/Interactions.jsm, line 230: NS_ERROR_FAILURE: Component returned failure code: 0x80004005 (NS_ERROR_FAILURE) [nsIUserIdleService.removeIdleObserver]
1632192001094	geckodriver	INFO	Listening on 127.0.0.1:37141
1632192001164	mozrunner::runner	INFO	Running command: "/usr/bin/firefox" "--marionette" "-no-remote" "-profile" "/tmp/rust_mozprofilep9DynX"
1632192008692	Marionette	INFO	Marionette enabled
console.warn: SearchSettings: "get: No settings file exists, new profile?" (new NotFoundError("Could not open the file at /tmp/rust_mozprofilep9DynX/search.json.mozlz4", (void 0)))
1632192013626	Marionette	INFO	Listening on port 42905
1632192014007	RemoteAgent	WARN	TLS certificate errors will be ignored for this session
console.log: WebExtensions: reset-default-search: starting.
console.log: WebExtensions: reset-default-search: No addons in our list are installed.
1632193450939	geckodriver	INFO	Listening on 127.0.0.1:53683
1632193450948	mozrunner::runner	INFO	Running command: "/usr/bin/firefox" "--marionette" "-no-remote" "-profile" "/tmp/rust_mozprofileFySm9N"
1632193457202	geckodriver	INFO	Listening on 127.0.0.1:49749
1632193457207	mozrunner::runner	INFO	Running command: "/usr/bin/firefox" "--marionette" "-no-remote" "-profile" "/tmp/rust_mozprofilePNuRvk"
1632193460226	Marionette	INFO	Marionette enabled
console.warn: SearchSettings: "get: No settings file exists, new profile?" (new NotFoundError("Could not open the file at /tmp/rust_mozprofilePNuRvk/search.json.mozlz4", (void 0)))
1632193471117	Marionette	INFO	Listening on port 38841
1632193471194	RemoteAgent	WARN	TLS certificate errors will be ignored for this session
1632193554344	Marionette	INFO	Stopped listening on port 38841
JavaScript error: resource:///modules/Interactions.jsm, line 230: NS_ERROR_FAILURE: Component returned failure code: 0x80004005 (NS_ERROR_FAILURE) [nsIUserIdleService.removeIdleObserver]
1632193564401	Marionette	INFO	Stopped listening on port 42905
JavaScript error: resource:///modules/Interactions.jsm, line 230: NS_ERROR_FAILURE: Component returned failure code: 0x80004005 (NS_ERROR_FAILURE) [nsIUserIdleService.removeIdleObserver]
1632193660359	geckodriver	INFO	Listening on 127.0.0.1:46847
1632193660379	mozrunner::runner	INFO	Running command: "/usr/bin/firefox" "--marionette" "-no-remote" "-profile" "/tmp/rust_mozprofile5qI26O"
1632193664202	Marionette	INFO	Marionette enabled
console.warn: SearchSettings: "get: No settings file exists, new profile?" (new NotFoundError("Could not open the file at /tmp/rust_mozprofile5qI26O/search.json.mozlz4", (void 0)))
1632193668004	Marionette	INFO	Listening on port 41155
1632193668045	RemoteAgent	WARN	TLS certificate errors will be ignored for this session
JavaScript error: https://objetivosaude.educacionalcloud.com.br/login.asp?codescola=, line 268: TypeError: $(...) is null
console.log: WebExtensions: reset-default-search: starting.
console.log: WebExtensions: reset-default-search: No addons in our list are installed.
1632194247264	geckodriver	INFO	Listening on 127.0.0.1:42915
1632194248267	mozrunner::runner	INFO	Running command: "/usr/bin/firefox" "--marionette" "-no-remote" "-profile" "/tmp/rust_mozprofileUS7696"
1632194252898	Marionette	INFO	Marionette enabled
console.warn: SearchSettings: "get: No settings file exists, new profile?" (new NotFoundError("Could not open the file at /tmp/rust_mozprofileUS7696/search.json.mozlz4", (void 0)))
1632194263669	Marionette	INFO	Listening on port 41443
1632194264052	RemoteAgent	WARN	TLS certificate errors will be ignored for this session
console.error: Region.jsm: "Error fetching region" (new Error("TIMEOUT", "resource://gre/modules/Region.jsm", 772))
console.error: Region.jsm: "Failed to fetch region" (new Error("TIMEOUT", "resource://gre/modules/Region.jsm", 419))
1632194282650	geckodriver	INFO	Listening on 127.0.0.1:46235
1632194282727	mozrunner::runner	INFO	Running command: "/usr/bin/firefox" "--marionette" "-no-remote" "-profile" "/tmp/rust_mozprofilehe3EmF"
1632194287375	Marionette	INFO	Marionette enabled
console.warn: SearchSettings: "get: No settings file exists, new profile?" (new NotFoundError("Could not open the file at /tmp/rust_mozprofilehe3EmF/search.json.mozlz4", (void 0)))
console.error: Region.jsm: "Error fetching region" (new Error("TIMEOUT", "resource://gre/modules/Region.jsm", 772))
console.error: Region.jsm: "Failed to fetch region" (new Error("TIMEOUT", "resource://gre/modules/Region.jsm", 419))
1632194309456	Marionette	INFO	Listening on port 46827
1632194310386	RemoteAgent	WARN	TLS certificate errors will be ignored for this session
JavaScript error: https://objetivosaude.educacionalcloud.com.br/login.asp?codescola=, line 268: TypeError: $(...) is null
1632194437236	Marionette	INFO	Stopped listening on port 46827
JavaScript error: resource:///modules/Interactions.jsm, line 230: NS_ERROR_FAILURE: Component returned failure code: 0x80004005 (NS_ERROR_FAILURE) [nsIUserIdleService.removeIdleObserver]
1632194439524	Marionette	INFO	Stopped listening on port 41443
JavaScript error: resource:///modules/Interactions.jsm, line 230: NS_ERROR_FAILURE: Component returned failure code: 0x80004005 (NS_ERROR_FAILURE) [nsIUserIdleService.removeIdleObserver]
1632194449412	Marionette	INFO	Stopped listening on port 41155
JavaScript error: resource:///modules/Interactions.jsm, line 230: NS_ERROR_FAILURE: Component returned failure code: 0x80004005 (NS_ERROR_FAILURE) [nsIUserIdleService.removeIdleObserver]
1632194496558	geckodriver	INFO	Listening on 127.0.0.1:60843
1632194497536	mozrunner::runner	INFO	Running command: "/usr/bin/firefox" "--marionette" "-no-remote" "-profile" "/tmp/rust_mozprofileyGGb2j"
1632194507898	Marionette	INFO	Marionette enabled
console.warn: SearchSettings: "get: No settings file exists, new profile?" (new NotFoundError("Could not open the file at /tmp/rust_mozprofileyGGb2j/search.json.mozlz4", (void 0)))
console.error: Region.jsm: "Error fetching region" (new Error("TIMEOUT", "resource://gre/modules/Region.jsm", 772))
console.error: Region.jsm: "Failed to fetch region" (new Error("TIMEOUT", "resource://gre/modules/Region.jsm", 419))
1632194522180	Marionette	INFO	Listening on port 32777
1632194522846	RemoteAgent	WARN	TLS certificate errors will be ignored for this session
JavaScript error: https://objetivosaude.educacionalcloud.com.br/login.asp?codescola=, line 268: TypeError: $(...) is null
1632194654410	geckodriver	INFO	Listening on 127.0.0.1:35537
1632194654430	mozrunner::runner	INFO	Running command: "/usr/bin/firefox" "--marionette" "-no-remote" "-profile" "/tmp/rust_mozprofileXZWg1j"
1632194657309	Marionette	INFO	Marionette enabled
console.warn: SearchSettings: "get: No settings file exists, new profile?" (new NotFoundError("Could not open the file at /tmp/rust_mozprofileXZWg1j/search.json.mozlz4", (void 0)))
1632194668640	Marionette	INFO	Listening on port 38915
1632194668724	RemoteAgent	WARN	TLS certificate errors will be ignored for this session
JavaScript error: https://objetivosaude.educacionalcloud.com.br/login.asp?codescola=, line 268: TypeError: $(...) is null
1632194814452	Marionette	INFO	Stopped listening on port 32777
JavaScript error: resource:///modules/Interactions.jsm, line 230: NS_ERROR_FAILURE: Component returned failure code: 0x80004005 (NS_ERROR_FAILURE) [nsIUserIdleService.removeIdleObserver]
1632194817342	Marionette	INFO	Stopped listening on port 38915
JavaScript error: resource:///modules/Interactions.jsm, line 230: NS_ERROR_FAILURE: Component returned failure code: 0x80004005 (NS_ERROR_FAILURE) [nsIUserIdleService.removeIdleObserver]
1632194832499	geckodriver	INFO	Listening on 127.0.0.1:48985
1632194833535	mozrunner::runner	INFO	Running command: "/usr/bin/firefox" "--marionette" "-no-remote" "-profile" "/tmp/rust_mozprofileI7Knp2"
1632194840154	Marionette	INFO	Marionette enabled
console.warn: SearchSettings: "get: No settings file exists, new profile?" (new NotFoundError("Could not open the file at /tmp/rust_mozprofileI7Knp2/search.json.mozlz4", (void 0)))
1632194848018	Marionette	INFO	Listening on port 37675
1632194848808	RemoteAgent	WARN	TLS certificate errors will be ignored for this session
JavaScript error: https://objetivosaude.educacionalcloud.com.br/login.asp?codescola=, line 268: TypeError: $(...) is null
1632195073350	Marionette	INFO	Stopped listening on port 37675
JavaScript error: resource:///modules/Interactions.jsm, line 230: NS_ERROR_FAILURE: Component returned failure code: 0x80004005 (NS_ERROR_FAILURE) [nsIUserIdleService.removeIdleObserver]

###!!! [Parent][RunMessage] Error: Channel closing: too late to send/recv, messages will be lost

1632195084105	geckodriver	INFO	Listening on 127.0.0.1:48659
1632195084110	mozrunner::runner	INFO	Running command: "/usr/bin/firefox" "--marionette" "-no-remote" "-profile" "/tmp/rust_mozprofileM7CdTn"
1632195086969	Marionette	INFO	Marionette enabled
console.warn: SearchSettings: "get: No settings file exists, new profile?" (new NotFoundError("Could not open the file at /tmp/rust_mozprofileM7CdTn/search.json.mozlz4", (void 0)))
1632195090857	Marionette	INFO	Listening on port 32927
1632195091268	RemoteAgent	WARN	TLS certificate errors will be ignored for this session
JavaScript error: https://objetivosaude.educacionalcloud.com.br/login.asp?codescola=, line 268: TypeError: $(...) is null
1632195130935	Marionette	INFO	Stopped listening on port 32927
JavaScript error: resource:///modules/Interactions.jsm, line 230: NS_ERROR_FAILURE: Component returned failure code: 0x80004005 (NS_ERROR_FAILURE) [nsIUserIdleService.removeIdleObserver]
1632195174423	geckodriver	INFO	Listening on 127.0.0.1:52061
1632195174436	mozrunner::runner	INFO	Running command: "/usr/bin/firefox" "--marionette" "-no-remote" "-profile" "/tmp/rust_mozprofileJZF5kS"
1632195186933	geckodriver	INFO	Listening on 127.0.0.1:39167
1632195186959	mozrunner::runner	INFO	Running command: "/usr/bin/firefox" "--marionette" "-no-remote" "-profile" "/tmp/rust_mozprofileqlgngo"
1632195189958	Marionette	INFO	Marionette enabled
console.warn: SearchSettings: "get: No settings file exists, new profile?" (new NotFoundError("Could not open the file at /tmp/rust_mozprofileqlgngo/search.json.mozlz4", (void 0)))
1632195193769	Marionette	INFO	Listening on port 38171
1632195194276	RemoteAgent	WARN	TLS certificate errors will be ignored for this session
JavaScript error: https://objetivosaude.educacionalcloud.com.br/login.asp?codescola=, line 268: TypeError: $(...) is null
1632195228210	Marionette	INFO	Stopped listening on port 38171
JavaScript error: resource:///modules/Interactions.jsm, line 230: NS_ERROR_FAILURE: Component returned failure code: 0x80004005 (NS_ERROR_FAILURE) [nsIUserIdleService.removeIdleObserver]
1632195262929	geckodriver	INFO	Listening on 127.0.0.1:32837
1632195262934	mozrunner::runner	INFO	Running command: "/usr/bin/firefox" "--marionette" "-no-remote" "-profile" "/tmp/rust_mozprofileUCu5iv"
1632195266088	Marionette	INFO	Marionette enabled
console.warn: SearchSettings: "get: No settings file exists, new profile?" (new NotFoundError("Could not open the file at /tmp/rust_mozprofileUCu5iv/search.json.mozlz4", (void 0)))
1632195269853	Marionette	INFO	Listening on port 40195
1632195269945	RemoteAgent	WARN	TLS certificate errors will be ignored for this session
JavaScript error: https://objetivosaude.educacionalcloud.com.br/login.asp?codescola=, line 268: TypeError: $(...) is null
1632195287704	Marionette	INFO	Stopped listening on port 40195
JavaScript error: resource:///modules/Interactions.jsm, line 230: NS_ERROR_FAILURE: Component returned failure code: 0x80004005 (NS_ERROR_FAILURE) [nsIUserIdleService.removeIdleObserver]
1632195330076	geckodriver	INFO	Listening on 127.0.0.1:49039
1632195330081	mozrunner::runner	INFO	Running command: "/usr/bin/firefox" "--marionette" "-no-remote" "-profile" "/tmp/rust_mozprofilelc5Zbs"
1632195333260	Marionette	INFO	Marionette enabled
console.warn: SearchSettings: "get: No settings file exists, new profile?" (new NotFoundError("Could not open the file at /tmp/rust_mozprofilelc5Zbs/search.json.mozlz4", (void 0)))
1632195337408	Marionette	INFO	Listening on port 38945
1632195337465	RemoteAgent	WARN	TLS certificate errors will be ignored for this session
JavaScript error: https://objetivosaude.educacionalcloud.com.br/login.asp?codescola=, line 268: TypeError: $(...) is null
1632195362315	Marionette	INFO	Stopped listening on port 38945
JavaScript error: resource:///modules/Interactions.jsm, line 230: NS_ERROR_FAILURE: Component returned failure code: 0x80004005 (NS_ERROR_FAILURE) [nsIUserIdleService.removeIdleObserver]
1632195377866	geckodriver	INFO	Listening on 127.0.0.1:34911
1632195377871	mozrunner::runner	INFO	Running command: "/usr/bin/firefox" "--marionette" "-no-remote" "-profile" "/tmp/rust_mozprofileoZnhjj"
1632195380743	Marionette	INFO	Marionette enabled
console.warn: SearchSettings: "get: No settings file exists, new profile?" (new NotFoundError("Could not open the file at /tmp/rust_mozprofileoZnhjj/search.json.mozlz4", (void 0)))
1632195384500	Marionette	INFO	Listening on port 33301
1632195384618	RemoteAgent	WARN	TLS certificate errors will be ignored for this session
JavaScript error: https://objetivosaude.educacionalcloud.com.br/login.asp?codescola=, line 268: TypeError: $(...) is null
1632195401515	Marionette	INFO	Stopped listening on port 33301
JavaScript error: resource:///modules/Interactions.jsm, line 230: NS_ERROR_FAILURE: Component returned failure code: 0x80004005 (NS_ERROR_FAILURE) [nsIUserIdleService.removeIdleObserver]
1632195520223	geckodriver	INFO	Listening on 127.0.0.1:51381
1632195520246	mozrunner::runner	INFO	Running command: "/usr/bin/firefox" "--marionette" "-no-remote" "-profile" "/tmp/rust_mozprofileBC0zCX"
1632195523263	Marionette	INFO	Marionette enabled
console.warn: SearchSettings: "get: No settings file exists, new profile?" (new NotFoundError("Could not open the file at /tmp/rust_mozprofileBC0zCX/search.json.mozlz4", (void 0)))
1632195527973	Marionette	INFO	Listening on port 39781
1632195528006	RemoteAgent	WARN	TLS certificate errors will be ignored for this session
JavaScript error: https://objetivosaude.educacionalcloud.com.br/login.asp?codescola=, line 268: TypeError: $(...) is null
1632195557145	Marionette	INFO	Stopped listening on port 39781
JavaScript error: resource:///modules/Interactions.jsm, line 230: NS_ERROR_FAILURE: Component returned failure code: 0x80004005 (NS_ERROR_FAILURE) [nsIUserIdleService.removeIdleObserver]
1632195678726	geckodriver	INFO	Listening on 127.0.0.1:58765
1632195678730	mozrunner::runner	INFO	Running command: "/usr/bin/firefox" "--marionette" "-no-remote" "-profile" "/tmp/rust_mozprofileUrrZnb"
1632195682650	Marionette	INFO	Marionette enabled
console.warn: SearchSettings: "get: No settings file exists, new profile?" (new NotFoundError("Could not open the file at /tmp/rust_mozprofileUrrZnb/search.json.mozlz4", (void 0)))
1632195686586	Marionette	INFO	Listening on port 32939
1632195686734	RemoteAgent	WARN	TLS certificate errors will be ignored for this session
1632195714065	Marionette	INFO	Stopped listening on port 32939
JavaScript error: resource:///modules/Interactions.jsm, line 230: NS_ERROR_FAILURE: Component returned failure code: 0x80004005 (NS_ERROR_FAILURE) [nsIUserIdleService.removeIdleObserver]
1632195717884	geckodriver	INFO	Listening on 127.0.0.1:34453
1632195717889	mozrunner::runner	INFO	Running command: "/usr/bin/firefox" "--marionette" "-no-remote" "-profile" "/tmp/rust_mozprofilePMHG8r"
1632195720888	Marionette	INFO	Marionette enabled
console.warn: SearchSettings: "get: No settings file exists, new profile?" (new NotFoundError("Could not open the file at /tmp/rust_mozprofilePMHG8r/search.json.mozlz4", (void 0)))
1632195726892	Marionette	INFO	Listening on port 37079
1632195727317	RemoteAgent	WARN	TLS certificate errors will be ignored for this session
JavaScript error: https://objetivosaude.educacionalcloud.com.br/login.asp?codescola=, line 268: TypeError: $(...) is null
1632195806488	Marionette	INFO	Stopped listening on port 37079
JavaScript error: resource:///modules/Interactions.jsm, line 230: NS_ERROR_FAILURE: Component returned failure code: 0x80004005 (NS_ERROR_FAILURE) [nsIUserIdleService.removeIdleObserver]
